\BOOKMARK [0][-]{chapter.1}{\376\377\000O\000p\000i\000s\000\040\000z\000a\001\102\000o\001\174\000e\001\104\000\040\000p\000r\000o\000j\000e\000k\000t\000u}{}% 1
\BOOKMARK [1][-]{section.1.1}{\376\377\000C\000e\000l\000\040\000p\000r\000o\000j\000e\000k\000t\000u}{chapter.1}% 2
\BOOKMARK [1][-]{section.1.2}{\376\377\000Z\000a\001\102\000o\001\174\000e\000n\000i\000a\000\040\000t\000e\000c\000h\000n\000o\000l\000o\000g\000i\000c\000z\000n\000e}{chapter.1}% 3
\BOOKMARK [1][-]{section.1.3}{\376\377\000W\000y\000k\000o\000r\000z\000y\000s\000t\000a\000n\000i\000e\000\040\000A\000I\000\040\000w\000\040\000p\000r\000z\000y\000g\000o\000t\000o\000w\000y\000w\000a\000n\000i\000u\000\040\000p\000r\000o\000j\000e\000k\000t\000u}{chapter.1}% 4
\BOOKMARK [0][-]{chapter.2}{\376\377\000O\000p\000i\000s\000\040\000s\000t\000r\000u\000k\000t\000u\000r\000y\000\040\000p\000r\000o\000j\000e\000k\000t\000u}{}% 5
\BOOKMARK [1][-]{section.2.1}{\376\377\000T\000e\000c\000h\000n\000o\000l\000o\000g\000i\000e\000\040\000w\000y\000k\000o\000r\000z\000y\000s\000t\000a\000n\000e\000\040\000w\000\040\000p\000r\000o\000j\000e\000k\000c\000i\000e}{chapter.2}% 6
\BOOKMARK [1][-]{section.2.2}{\376\377\000S\000t\000r\000u\000k\000t\000u\000r\000a\000\040\000p\000l\000i\000k\000\363\000w\000\040\001\172\000r\000\363\000d\001\102\000o\000w\000y\000c\000h}{chapter.2}% 7
\BOOKMARK [1][-]{section.2.3}{\376\377\000T\000r\000y\000b\000\040\000D\000e\000a\000t\000h\000m\000a\000t\000c\000h\000\040\000-\000\040\000a\000l\000g\000o\000r\000y\000t\000m\000\040\000M\000i\000n\000i\000m\000a\000x\000\040\000z\000\040\000p\000r\000z\000y\000c\000i\000n\000a\000n\000i\000e\000m\000\040\000a\000l\000f\000a\000-\000b\000e\000t\000a}{chapter.2}% 8
\BOOKMARK [2][-]{subsection.2.3.1}{\376\377\000I\000d\000e\000a\000\040\000a\000l\000g\000o\000r\000y\000t\000m\000u\000\040\000M\000i\000n\000i\000m\000a\000x}{section.2.3}% 9
\BOOKMARK [2][-]{subsection.2.3.2}{\376\377\000F\000u\000n\000k\000c\000j\000a\000\040\000o\000c\000e\000n\000y\000\040\000p\000o\000z\000y\000c\000j\000i}{section.2.3}% 10
\BOOKMARK [2][-]{subsection.2.3.3}{\376\377\000P\000r\000z\000y\000c\000i\000n\000a\000n\000i\000e\000\040\000a\000l\000f\000a\000-\000b\000e\000t\000a}{section.2.3}% 11
\BOOKMARK [2][-]{subsection.2.3.4}{\376\377\000I\000m\000p\000l\000e\000m\000e\000n\000t\000a\000c\000j\000a\000\040\000w\000\040\000p\000l\000i\000k\000u\000\040\000e\000n\000e\000m\000y\000.\000p\000y}{section.2.3}% 12
\BOOKMARK [1][-]{section.2.4}{\376\377\000T\000r\000y\000b\000\040\000C\000a\000p\000t\000u\000r\000e\000\040\000P\000o\000i\000n\000t\000\040\000-\000\040\000a\000l\000g\000o\000r\000y\000t\000m\000\040\000A\000*}{chapter.2}% 13
\BOOKMARK [2][-]{subsection.2.4.1}{\376\377\000I\000d\000e\000a\000\040\000a\000l\000g\000o\000r\000y\000t\000m\000u\000\040\000A\000*}{section.2.4}% 14
\BOOKMARK [2][-]{subsection.2.4.2}{\376\377\000H\000e\000u\000r\000y\000s\000t\000y\000k\000a\000\040\000e\000u\000k\000l\000i\000d\000e\000s\000o\000w\000a\000\040\000i\000\040\000w\000a\000g\000i\000\040\000p\000r\000z\000e\000j\001\133\001\007\000\040\000k\000a\000f\000e\000l\000k\000\363\000w}{section.2.4}% 15
\BOOKMARK [2][-]{subsection.2.4.3}{\376\377\000C\000a\000c\000h\000e\000'\000o\000w\000a\000n\000i\000e\000\040\001\133\000c\000i\000e\001\174\000k\000i\000\040\000i\000\040\000w\000a\000r\000u\000n\000k\000i\000\040\000p\000r\000z\000e\000l\000i\000c\000z\000a\000n\000i\000a}{section.2.4}% 16
\BOOKMARK [2][-]{subsection.2.4.4}{\376\377\000I\000m\000p\000l\000e\000m\000e\000n\000t\000a\000c\000j\000a\000\040\000w\000\040\000p\000l\000i\000k\000u\000\040\000e\000n\000e\000m\000y\0002\000.\000p\000y}{section.2.4}% 17
\BOOKMARK [1][-]{section.2.5}{\376\377\000H\000e\000u\000r\000y\000s\000t\000y\000k\000i\000\040\000u\000z\000u\000p\000e\001\102\000n\000i\000a\000j\001\005\000c\000e}{chapter.2}% 18
\BOOKMARK [1][-]{section.2.6}{\376\377\000N\000a\000p\000o\000t\000k\000a\000n\000e\000\040\000p\000r\000o\000b\000l\000e\000m\000y\000\040\000i\000\040\000s\000p\000o\000s\000o\000b\000y\000\040\000i\000c\000h\000\040\000r\000o\000z\000w\000i\001\005\000z\000a\000n\000i\000a}{chapter.2}% 19
\BOOKMARK [0][-]{chapter.3}{\376\377\000P\000r\000e\000z\000e\000n\000t\000a\000c\000j\000a\000\040\000w\000a\000r\000s\000t\000w\000y\000\040\000u\001\174\000y\000t\000k\000o\000w\000e\000j\000\040\000p\000r\000o\000j\000e\000k\000t\000u}{}% 20
\BOOKMARK [1][-]{section.3.1}{\376\377\000M\000e\000n\000u\000\040\000g\001\102\000\363\000w\000n\000e\000\040\000i\000e\000k\000r\000a\000n\000\040\000w\000y\000b\000o\000r\000u\000\040\000t\000r\000y\000b\000u}{chapter.3}% 21
\BOOKMARK [1][-]{section.3.2}{\376\377\000E\000k\000r\000a\000n\000\040\000r\000o\000z\000g\000r\000y\000w\000k\000i\000\040\000-\000\040\000t\000r\000y\000b\000\040\000D\000e\000a\000t\000h\000m\000a\000t\000c\000h}{chapter.3}% 22
\BOOKMARK [1][-]{section.3.3}{\376\377\000E\000k\000r\000a\000n\000\040\000r\000o\000z\000g\000r\000y\000w\000k\000i\000\040\000-\000\040\000t\000r\000y\000b\000\040\000C\000a\000p\000t\000u\000r\000e\000\040\000P\000o\000i\000n\000t}{chapter.3}% 23
\BOOKMARK [1][-]{section.3.4}{\376\377\000S\000y\000s\000t\000e\000m\000\040\000p\000o\000w\000e\000r\000-\000u\000p\000\363\000w}{chapter.3}% 24
\BOOKMARK [1][-]{section.3.5}{\376\377\000P\000r\000z\000y\000k\001\102\000a\000d\000o\000w\000e\000\040\000s\000c\000e\000n\000a\000r\000i\000u\000s\000z\000e\000\040\000r\000o\000z\000g\000r\000y\000w\000k\000i}{chapter.3}% 25
\BOOKMARK [1][-]{section.3.6}{\376\377\000I\000n\000s\000t\000r\000u\000k\000c\000j\000a\000\040\000u\000r\000u\000c\000h\000o\000m\000i\000e\000n\000i\000a\000\040\000a\000p\000l\000i\000k\000a\000c\000j\000i}{chapter.3}% 26
\BOOKMARK [0][-]{chapter.4}{\376\377\000P\000o\000d\000s\000u\000m\000o\000w\000a\000n\000i\000e}{}% 27
\BOOKMARK [1][-]{section.4.1}{\376\377\000W\000n\000i\000o\000s\000k\000i\000\040\000z\000\040\000r\000e\000a\000l\000i\000z\000a\000c\000j\000i\000\040\000p\000r\000o\000j\000e\000k\000t\000u}{chapter.4}% 28
\BOOKMARK [1][-]{section.4.2}{\376\377\000M\000o\001\174\000l\000i\000w\000o\001\133\000c\000i\000\040\000r\000o\000z\000s\000z\000e\000r\000z\000e\000n\000i\000a\000\040\000p\000r\000o\000j\000e\000k\000t\000u}{chapter.4}% 29
\BOOKMARK [1][-]{section.4.2}{\376\377\000S\000p\000i\000s\000\040\000r\000y\000s\000u\000n\000k\000\363\000w}{chapter.4}% 30
\BOOKMARK [1][-]{section.4.2}{\376\377\000S\000p\000i\000s\000\040\000t\000a\000b\000e\000l}{chapter.4}% 31
\BOOKMARK [1][-]{section.4.2}{\376\377\000S\000p\000i\000s\000\040\000l\000i\000s\000t\000i\000n\000g\000\363\000w}{chapter.4}% 32
